<?xml version="1.0" encoding="UTF-8"?>
<!-- Generated by org.testng.reporters.JUnitReportReporter -->
<testsuite hostname="LAPTOP-GAUPM6CM" failures="0" tests="1" name="waits.ImplictWaitDemo1" time="14.775" errors="0" timestamp="2024-10-24T21:33:30 IST" skipped="0">
  <testcase classname="waits.ImplictWaitDemo1" name="waitsTest" time="14.775"/>
  <system-out/>
</testsuite> <!-- waits.ImplictWaitDemo1 -->
