<?xml version="1.0" encoding="UTF-8"?>
<!-- Generated by org.testng.reporters.JUnitReportReporter -->
<testsuite hostname="LAPTOP-GAUPM6CM" failures="0" tests="2" name="radiocheck.RadioButtonDemo1" time="23.611" errors="0" timestamp="2024-10-25T21:17:48 IST" skipped="0">
  <testcase classname="radiocheck.RadioButtonDemo1" name="radioTest" time="11.002"/>
  <system-out/>
  <testcase classname="radiocheck.RadioButtonDemo1" name="radioTest2" time="12.609"/>
  <system-out/>
</testsuite> <!-- radiocheck.RadioButtonDemo1 -->
