<?xml version="1.0" encoding="UTF-8"?>
<!-- Generated by org.testng.reporters.JUnitReportReporter -->
<testsuite hostname="LAPTOP-GAUPM6CM" failures="0" tests="1" name="actions.DragAndDrop" time="8.666" errors="0" timestamp="2024-10-22T20:58:56 IST" skipped="0">
  <testcase classname="actions.DragAndDrop" name="dragAndDropTest" time="8.666"/>
  <system-out/>
</testsuite> <!-- actions.DragAndDrop -->
