<?xml version="1.0" encoding="UTF-8"?>
<!-- Generated by org.testng.reporters.JUnitReportReporter -->
<testsuite hostname="LAPTOP-GAUPM6CM" failures="0" tests="3" name="testng.AdactinApp" time="0.011" errors="0" timestamp="2024-10-17T21:38:56 IST" skipped="0">
  <testcase classname="testng.AdactinApp" name="registrationTest" time="0.003"/>
  <system-out/>
  <testcase classname="testng.AdactinApp" name="loginTest" time="0.001"/>
  <system-out/>
  <testcase classname="testng.AdactinApp" name="forgotPasswordTest" time="0.007"/>
  <system-out/>
</testsuite> <!-- testng.AdactinApp -->
