<?xml version="1.0" encoding="UTF-8"?>
<!-- Generated by org.testng.reporters.JUnitReportReporter -->
<testsuite hostname="LAPTOP-GAUPM6CM" failures="0" tests="3" name="radiocheck.CheckBoxDemo1" time="35.768" errors="0" timestamp="2024-10-25T21:29:22 IST" skipped="0">
  <testcase classname="radiocheck.CheckBoxDemo1" name="checkboxTest1" time="8.757"/>
  <system-out/>
  <testcase classname="radiocheck.CheckBoxDemo1" name="checkboxTest2" time="16.428"/>
  <system-out/>
  <testcase classname="radiocheck.CheckBoxDemo1" name="checkboxTest3" time="10.583"/>
  <system-out/>
</testsuite> <!-- radiocheck.CheckBoxDemo1 -->
