<?xml version="1.0" encoding="UTF-8"?>
<!-- Generated by org.testng.reporters.JUnitReportReporter -->
<testsuite hostname="LAPTOP-GAUPM6CM" failures="0" tests="1" name="actions.DragAndDrop" time="10.855" errors="0" timestamp="2024-10-23T20:51:51 IST" skipped="0">
  <testcase classname="actions.DragAndDrop" name="dragAndDropTest" time="10.855"/>
  <system-out/>
</testsuite> <!-- actions.DragAndDrop -->
