<?xml version="1.0" encoding="UTF-8"?>
<!-- Generated by org.testng.reporters.JUnitReportReporter -->
<testsuite hostname="LAPTOP-GAUPM6CM" failures="0" tests="1" name="hanldingwindowsalertsframes.AlertHandling1" time="11.787" errors="0" timestamp="2024-10-23T21:28:57 IST" skipped="0">
  <testcase classname="hanldingwindowsalertsframes.AlertHandling1" name="alertHandlingTest" time="11.787"/>
  <system-out/>
</testsuite> <!-- hanldingwindowsalertsframes.AlertHandling1 -->
