<?xml version="1.0" encoding="UTF-8"?>
<!-- Generated by org.testng.reporters.JUnitReportReporter -->
<testsuite hostname="LAPTOP-GAUPM6CM" failures="0" tests="1" name="hanldingwindowsalertsframes.FrameHandling1" time="8.138" errors="0" timestamp="2024-10-23T20:55:55 IST" skipped="0">
  <testcase classname="hanldingwindowsalertsframes.FrameHandling1" name="dragAndDropTest" time="8.138"/>
  <system-out/>
</testsuite> <!-- hanldingwindowsalertsframes.FrameHandling1 -->
