<?xml version="1.0" encoding="UTF-8"?>
<!-- Generated by org.testng.reporters.JUnitReportReporter -->
<testsuite hostname="LAPTOP-GAUPM6CM" failures="0" tests="1" name="javascriptexecutor.ScrollToBottom" time="14.288" errors="0" timestamp="2024-10-24T20:52:05 IST" skipped="0">
  <testcase classname="javascriptexecutor.ScrollToBottom" name="scrollTest" time="14.288"/>
  <system-out/>
</testsuite> <!-- javascriptexecutor.ScrollToBottom -->
