<?xml version="1.0" encoding="UTF-8"?>
<!-- Generated by org.testng.reporters.JUnitReportReporter -->
<testsuite hostname="LAPTOP-GAUPM6CM" failures="0" tests="1" name="hanldingwindowsalertsframes.MultipleWindow2" time="24.380" errors="0" timestamp="2024-10-22T21:43:55 IST" skipped="0">
  <testcase classname="hanldingwindowsalertsframes.MultipleWindow2" name="multipleWindowsTest" time="24.380"/>
  <system-out/>
</testsuite> <!-- hanldingwindowsalertsframes.MultipleWindow2 -->
