<?xml version="1.0" encoding="UTF-8"?>
<!-- Generated by org.testng.reporters.JUnitReportReporter -->
<testsuite hostname="LAPTOP-GAUPM6CM" failures="0" tests="1" name="shadowroot.ShadowRootDemo1" time="7.597" errors="0" timestamp="2024-10-26T21:32:52 IST" skipped="0">
  <testcase classname="shadowroot.ShadowRootDemo1" name="shadowDomTest" time="7.597"/>
  <system-out/>
</testsuite> <!-- shadowroot.ShadowRootDemo1 -->
