<?xml version="1.0" encoding="UTF-8"?>
<!-- Generated by org.testng.reporters.JUnitReportReporter -->
<testsuite hostname="LAPTOP-GAUPM6CM" failures="0" tests="1" name="waits.ExplicitWaitDemo" time="11.627" errors="0" timestamp="2024-10-25T20:50:19 IST" skipped="0">
  <testcase classname="waits.ExplicitWaitDemo" name="waitsTest" time="11.627"/>
  <system-out/>
</testsuite> <!-- waits.ExplicitWaitDemo -->
