<?xml version="1.0" encoding="UTF-8"?>
<!-- Generated by org.testng.reporters.JUnitReportReporter -->
<testsuite hostname="LAPTOP-GAUPM6CM" failures="0" tests="1" name="hanldingwindowsalertsframes.MultipleWindow" time="25.995" errors="0" timestamp="2024-10-22T21:40:06 IST" skipped="0">
  <testcase classname="hanldingwindowsalertsframes.MultipleWindow" name="multipleWindowsTest" time="25.995"/>
  <system-out/>
</testsuite> <!-- hanldingwindowsalertsframes.MultipleWindow -->
