<?xml version="1.0" encoding="UTF-8"?>
<!-- Generated by org.testng.reporters.JUnitReportReporter -->
<testsuite hostname="LAPTOP-GAUPM6CM" failures="0" tests="1" name="actions.NewTabDemo1" time="15.027" errors="0" timestamp="2024-10-24T20:11:17 IST" skipped="0">
  <testcase classname="actions.NewTabDemo1" name="rightClickTest" time="15.027"/>
  <system-out/>
</testsuite> <!-- actions.NewTabDemo1 -->
