<?xml version="1.0" encoding="UTF-8"?>
<!-- Generated by org.testng.reporters.JUnitReportReporter -->
<testsuite hostname="LAPTOP-GAUPM6CM" failures="0" tests="4" name="testng.AdactinApp4" time="0.016" errors="0" timestamp="2024-10-18T21:04:57 IST" skipped="0">
  <testcase classname="testng.AdactinApp4" name="registrationTest" time="0.010"/>
  <system-out/>
  <testcase classname="testng.AdactinApp4" name="loginTest" time="0.004"/>
  <system-out/>
  <testcase classname="testng.AdactinApp4" name="forgotPasswordTest" time="0.001"/>
  <system-out/>
  <testcase classname="testng.AdactinApp4" name="changePasswordTest" time="0.001"/>
  <system-out/>
</testsuite> <!-- testng.AdactinApp4 -->
