<?xml version="1.0" encoding="UTF-8"?>
<!-- Generated by org.testng.reporters.JUnitReportReporter -->
<testsuite hostname="LAPTOP-GAUPM6CM" failures="0" tests="1" name="testng.ValidateLogin2" time="15.151" errors="0" timestamp="2024-10-21T15:14:38 IST" skipped="0">
  <testcase classname="testng.ValidateLogin2" name="validateLoginUsingValidCredentials" time="15.151"/>
  <system-out/>
</testsuite> <!-- testng.ValidateLogin2 -->
