<?xml version="1.0" encoding="UTF-8"?>
<!-- Generated by org.testng.reporters.JUnitReportReporter -->
<testsuite hostname="LAPTOP-GAUPM6CM" failures="0" tests="1" name="waits.FluentWaitDemo" time="11.422" errors="0" timestamp="2024-10-25T21:02:36 IST" skipped="0">
  <testcase classname="waits.FluentWaitDemo" name="waitsTest" time="11.422"/>
  <system-out/>
</testsuite> <!-- waits.FluentWaitDemo -->
