<?xml version="1.0" encoding="UTF-8"?>
<!-- Generated by org.testng.reporters.JUnitReportReporter -->
<testsuite hostname="LAPTOP-GAUPM6CM" failures="0" tests="1" name="screenshots.ScreenShotDemo1" time="8.067" errors="0" timestamp="2024-10-24T21:20:56 IST" skipped="0">
  <testcase classname="screenshots.ScreenShotDemo1" name="scrollTest" time="8.067"/>
  <system-out/>
</testsuite> <!-- screenshots.ScreenShotDemo1 -->
