<?xml version="1.0" encoding="UTF-8"?>
<!-- Generated by org.testng.reporters.JUnitReportReporter -->
<testsuite hostname="LAPTOP-GAUPM6CM" failures="0" tests="1" name="testng.ValidateLogin" time="11.610" errors="0" timestamp="2024-10-18T21:18:42 IST" skipped="0">
  <testcase classname="testng.ValidateLogin" name="validateLoginUsingValidCredentials" time="11.610"/>
  <system-out/>
</testsuite> <!-- testng.ValidateLogin -->
