<?xml version="1.0" encoding="UTF-8"?>
<!-- Generated by org.testng.reporters.JUnitReportReporter -->
<testsuite hostname="LAPTOP-GAUPM6CM" failures="0" tests="1" name="waits.ImplictWaitDemo2" time="11.164" errors="0" timestamp="2024-10-24T21:38:07 IST" skipped="0">
  <testcase classname="waits.ImplictWaitDemo2" name="waitsTest" time="11.164"/>
  <system-out/>
</testsuite> <!-- waits.ImplictWaitDemo2 -->
