<?xml version="1.0" encoding="UTF-8"?>
<!-- Generated by org.testng.reporters.JUnitReportReporter -->
<testsuite hostname="LAPTOP-GAUPM6CM" failures="0" tests="1" name="javascriptexecutor.PepperfryApp2" time="21.337" errors="0" timestamp="2024-10-24T21:08:51 IST" skipped="0">
  <testcase classname="javascriptexecutor.PepperfryApp2" name="scrollTest" time="21.337"/>
  <system-out/>
</testsuite> <!-- javascriptexecutor.PepperfryApp2 -->
