<?xml version="1.0" encoding="UTF-8"?>
<!-- Generated by org.testng.reporters.JUnitReportReporter -->
<testsuite hostname="LAPTOP-GAUPM6CM" failures="0" tests="1" name="hanldingwindowsalertsframes.AlertHandling2" time="9.643" errors="0" timestamp="2024-10-24T21:44:58 IST" skipped="0">
  <testcase classname="hanldingwindowsalertsframes.AlertHandling2" name="alertTest" time="9.643"/>
  <system-out/>
</testsuite> <!-- hanldingwindowsalertsframes.AlertHandling2 -->
