<?xml version="1.0" encoding="UTF-8"?>
<!-- Generated by org.testng.reporters.JUnitReportReporter -->
<testsuite hostname="LAPTOP-GAUPM6CM" failures="0" tests="1" name="actions.RightClick" time="15.655" errors="0" timestamp="2024-10-22T21:16:00 IST" skipped="0">
  <testcase classname="actions.RightClick" name="rightClickTest" time="15.655"/>
  <system-out/>
</testsuite> <!-- actions.RightClick -->
