<?xml version="1.0" encoding="UTF-8"?>
<!-- Generated by org.testng.reporters.JUnitReportReporter -->
<testsuite hostname="LAPTOP-GAUPM6CM" failures="0" tests="1" name="testng.TestNGDemo1" time="0.014" errors="0" timestamp="2024-10-17T21:27:58 IST" skipped="0">
  <testcase classname="testng.TestNGDemo1" name="m1" time="0.014"/>
  <system-out/>
</testsuite> <!-- testng.TestNGDemo1 -->
