<?xml version="1.0" encoding="UTF-8"?>
<!-- Generated by org.testng.reporters.JUnitReportReporter -->
<testsuite hostname="LAPTOP-GAUPM6CM" failures="0" tests="1" name="webtables.WebTable1" time="37.900" errors="0" timestamp="2024-10-25T21:37:53 IST" skipped="0">
  <testcase classname="webtables.WebTable1" name="webTableTest" time="37.900"/>
  <system-out/>
</testsuite> <!-- webtables.WebTable1 -->
