<?xml version="1.0" encoding="UTF-8"?>
<!-- Generated by org.testng.reporters.JUnitReportReporter -->
<testsuite hostname="LAPTOP-GAUPM6CM" failures="0" tests="1" name="actions.MouseHover" time="17.740" errors="0" timestamp="2024-10-21T21:42:40 IST" skipped="0">
  <testcase classname="actions.MouseHover" name="mouseHoverTest" time="17.740"/>
  <system-out/>
</testsuite> <!-- actions.MouseHover -->
