<?xml version="1.0" encoding="UTF-8"?>
<!-- Generated by org.testng.reporters.JUnitReportReporter -->
<testsuite hostname="LAPTOP-GAUPM6CM" failures="0" tests="1" name="javascriptexecutor.ScrollToElement" time="8.694" errors="0" timestamp="2024-10-24T20:59:42 IST" skipped="0">
  <testcase classname="javascriptexecutor.ScrollToElement" name="scrollTest" time="8.694"/>
  <system-out/>
</testsuite> <!-- javascriptexecutor.ScrollToElement -->
