<?xml version="1.0" encoding="UTF-8"?>
<!-- Generated by org.testng.reporters.JUnitReportReporter -->
<testsuite hostname="LAPTOP-GAUPM6CM" failures="0" tests="1" name="webtables.WebTable2" time="43.703" errors="0" timestamp="2024-10-25T21:42:04 IST" skipped="0">
  <testcase classname="webtables.WebTable2" name="webTableTest" time="43.703"/>
  <system-out/>
</testsuite> <!-- webtables.WebTable2 -->
