<?xml version="1.0" encoding="UTF-8"?>
<!-- Generated by org.testng.reporters.JUnitReportReporter -->
<testsuite hostname="LAPTOP-GAUPM6CM" failures="0" tests="1" name="fileupload.FileUploadDemo1" time="51.177" errors="0" timestamp="2024-10-26T21:13:39 IST" skipped="0">
  <testcase classname="fileupload.FileUploadDemo1" name="fileUploadTest" time="51.177"/>
  <system-out/>
</testsuite> <!-- fileupload.FileUploadDemo1 -->
