<?xml version="1.0" encoding="UTF-8"?>
<!-- Generated by org.testng.reporters.JUnitReportReporter -->
<testsuite hostname="LAPTOP-GAUPM6CM" failures="0" tests="1" name="webtables.WebTabledynamic" time="43.493" errors="0" timestamp="2024-10-26T20:52:42 IST" skipped="0">
  <testcase classname="webtables.WebTabledynamic" name="webTableTest" time="43.493"/>
  <system-out/>
</testsuite> <!-- webtables.WebTabledynamic -->
