<?xml version="1.0" encoding="UTF-8"?>
<!-- Generated by org.testng.reporters.JUnitReportReporter -->
<testsuite hostname="LAPTOP-GAUPM6CM" failures="0" tests="1" name="screenshots.ScreenShotDemo2" time="8.406" errors="0" timestamp="2024-10-24T21:23:59 IST" skipped="0">
  <testcase classname="screenshots.ScreenShotDemo2" name="scrollTest" time="8.406"/>
  <system-out/>
</testsuite> <!-- screenshots.ScreenShotDemo2 -->
